{
  "stats": {
    "suites": 1,
    "tests": 1,
    "passes": 1,
    "pending": 0,
    "failures": 0,
    "start": "2021-10-14T21:36:05.356Z",
    "end": "2021-10-14T21:36:14.134Z",
    "duration": 8778,
    "testsRegistered": 1,
    "passPercent": 100,
    "pendingPercent": 0,
    "other": 0,
    "hasOther": false,
    "skipped": 0,
    "hasSkipped": false
  },
  "results": [
    {
      "uuid": "997949d2-5e96-4323-9272-279c64e1478a",
      "title": "",
      "fullFile": "cypress/integration/register.spec.js",
      "file": "cypress/integration/register.spec.js",
      "beforeHooks": [],
      "afterHooks": [],
      "tests": [],
      "suites": [
        {
          "uuid": "20407def-b03a-4630-b4e9-7ac3b86c1d73",
          "title": "Register",
          "fullFile": "",
          "file": "",
          "beforeHooks": [],
          "afterHooks": [],
          "tests": [
            {
              "title": "should register when fill in the form with the data and submit it",
              "fullTitle": "Register should register when fill in the form with the data and submit it",
              "timedOut": null,
              "duration": 5693,
              "state": "passed",
              "speed": "slow",
              "pass": true,
              "fail": false,
              "pending": false,
              "context": null,
              "code": "cy.visit('https://form-agilizei.netlify.app');\ncy.get('input[name=firstName]').type(chance.first());\ncy.get('input[name=lastName]').type(chance.last());\ncy.get('textarea[name=adress]').type(chance.address());\ncy.get('input[name=emailAdress]').type(chance.email());\ncy.get('input[value=n]').check();\ncy.get('input[type=checkbox]').check('Netflix');\ncy.get('input[type=checkbox]').check('Dormir');\ncy.get('select#countries').select('Dinamarca', {\n  force: true\n});\ncy.get('select#years').select('2006', {\n  force: true\n});\ncy.get('select#months').select('Janeiro', {\n  force: true\n});\ncy.get('select#days').select('8', {\n  force: true\n});\ncy.get('input#firstpassword').type('Alunos@2021');\ncy.get('input#secondpassword').type('Alunos@2021');\ncy.contains('Finalizar cadastro').click();\ncy.url().should('contain', 'listagem');",
              "err": {},
              "uuid": "9f211f46-d497-445e-bf4a-0df3ad69de22",
              "parentUUID": "20407def-b03a-4630-b4e9-7ac3b86c1d73",
              "isHook": false,
              "skipped": false
            }
          ],
          "suites": [],
          "passes": [
            "9f211f46-d497-445e-bf4a-0df3ad69de22"
          ],
          "failures": [],
          "pending": [],
          "skipped": [],
          "duration": 5693,
          "root": false,
          "rootEmpty": false,
          "_timeout": 2000
        }
      ],
      "passes": [],
      "failures": [],
      "pending": [],
      "skipped": [],
      "duration": 0,
      "root": true,
      "rootEmpty": true,
      "_timeout": 2000
    }
  ],
  "meta": {
    "mocha": {
      "version": "7.0.1"
    },
    "mochawesome": {
      "options": {
        "quiet": true,
        "reportFilename": "mochawesome",
        "saveHtml": false,
        "saveJson": true,
        "consoleReporter": "spec",
        "useInlineDiffs": false,
        "code": true
      },
      "version": "6.3.1"
    },
    "marge": {
      "options": {
        "id": "default",
        "reportDir": "mochawesome-report",
        "quiet": true,
        "overwrite": false,
        "html": false,
        "json": true
      },
      "version": "5.2.0"
    }
  }
}